D:\TreatyCore\TreatyApi\TreatyAngular\dist\out-tsc\app\_models\role.js
D:\TreatyCore\TreatyApi\TreatyAngular\dist\out-tsc\app\_models\role.js.map
D:\TreatyCore\TreatyApi\TreatyAngular\dist\out-tsc\app\_models\user.js
D:\TreatyCore\TreatyApi\TreatyAngular\dist\out-tsc\app\_models\user.js.map
D:\TreatyCore\TreatyApi\TreatyAngular\dist\out-tsc\environments\environment.js
D:\TreatyCore\TreatyApi\TreatyAngular\dist\out-tsc\environments\environment.js.map
D:\TreatyCore\TreatyApi\TreatyAngular\dist\out-tsc\app\_services\authentication.service.js
D:\TreatyCore\TreatyApi\TreatyAngular\dist\out-tsc\app\_services\authentication.service.js.map
D:\TreatyCore\TreatyApi\TreatyAngular\dist\out-tsc\app\_services\user.service.js
D:\TreatyCore\TreatyApi\TreatyAngular\dist\out-tsc\app\_services\user.service.js.map
D:\TreatyCore\TreatyApi\TreatyAngular\dist\out-tsc\app\_services\index.js
D:\TreatyCore\TreatyApi\TreatyAngular\dist\out-tsc\app\_services\index.js.map
D:\TreatyCore\TreatyApi\TreatyAngular\dist\out-tsc\app\home\home.component.js
D:\TreatyCore\TreatyApi\TreatyAngular\dist\out-tsc\app\home\home.component.js.map
D:\TreatyCore\TreatyApi\TreatyAngular\dist\out-tsc\app\home\index.js
D:\TreatyCore\TreatyApi\TreatyAngular\dist\out-tsc\app\home\index.js.map
D:\TreatyCore\TreatyApi\TreatyAngular\dist\out-tsc\app\login\login.component.js
D:\TreatyCore\TreatyApi\TreatyAngular\dist\out-tsc\app\login\login.component.js.map
D:\TreatyCore\TreatyApi\TreatyAngular\dist\out-tsc\app\login\index.js
D:\TreatyCore\TreatyApi\TreatyAngular\dist\out-tsc\app\login\index.js.map
D:\TreatyCore\TreatyApi\TreatyAngular\dist\out-tsc\app\_helpers\auth.guard.js
D:\TreatyCore\TreatyApi\TreatyAngular\dist\out-tsc\app\_helpers\auth.guard.js.map
D:\TreatyCore\TreatyApi\TreatyAngular\dist\out-tsc\app\_helpers\error.interceptor.js
D:\TreatyCore\TreatyApi\TreatyAngular\dist\out-tsc\app\_helpers\error.interceptor.js.map
D:\TreatyCore\TreatyApi\TreatyAngular\dist\out-tsc\app\_models\index.js
D:\TreatyCore\TreatyApi\TreatyAngular\dist\out-tsc\app\_models\index.js.map
D:\TreatyCore\TreatyApi\TreatyAngular\dist\out-tsc\app\_helpers\fake-backend.js
D:\TreatyCore\TreatyApi\TreatyAngular\dist\out-tsc\app\_helpers\fake-backend.js.map
D:\TreatyCore\TreatyApi\TreatyAngular\dist\out-tsc\app\_helpers\jwt.interceptor.js
D:\TreatyCore\TreatyApi\TreatyAngular\dist\out-tsc\app\_helpers\jwt.interceptor.js.map
D:\TreatyCore\TreatyApi\TreatyAngular\dist\out-tsc\app\_helpers\index.js
D:\TreatyCore\TreatyApi\TreatyAngular\dist\out-tsc\app\_helpers\index.js.map
D:\TreatyCore\TreatyApi\TreatyAngular\dist\out-tsc\app\treaty\edittreaty\edittreaty.component.js
D:\TreatyCore\TreatyApi\TreatyAngular\dist\out-tsc\app\treaty\edittreaty\edittreaty.component.js.map
D:\TreatyCore\TreatyApi\TreatyAngular\dist\out-tsc\app\treaty\treaty.js
D:\TreatyCore\TreatyApi\TreatyAngular\dist\out-tsc\app\treaty\treaty.js.map
D:\TreatyCore\TreatyApi\TreatyAngular\dist\out-tsc\app\treaty\service\treatyservice.service.js
D:\TreatyCore\TreatyApi\TreatyAngular\dist\out-tsc\app\treaty\service\treatyservice.service.js.map
D:\TreatyCore\TreatyApi\TreatyAngular\dist\out-tsc\app\treaty\actionbydateofmodification\actionbydateofmodification.component.js
D:\TreatyCore\TreatyApi\TreatyAngular\dist\out-tsc\app\treaty\actionbydateofmodification\actionbydateofmodification.component.js.map
D:\TreatyCore\TreatyApi\TreatyAngular\dist\out-tsc\app\app-routing.module.js
D:\TreatyCore\TreatyApi\TreatyAngular\dist\out-tsc\app\app-routing.module.js.map
D:\TreatyCore\TreatyApi\TreatyAngular\dist\out-tsc\app\app.component.js
D:\TreatyCore\TreatyApi\TreatyAngular\dist\out-tsc\app\app.component.js.map
D:\TreatyCore\TreatyApi\TreatyAngular\dist\out-tsc\app\material-module.js
D:\TreatyCore\TreatyApi\TreatyAngular\dist\out-tsc\app\material-module.js.map
D:\TreatyCore\TreatyApi\TreatyAngular\dist\out-tsc\app\treaty\treaty.module.js
D:\TreatyCore\TreatyApi\TreatyAngular\dist\out-tsc\app\treaty\treaty.module.js.map
D:\TreatyCore\TreatyApi\TreatyAngular\dist\out-tsc\app\login\login.module.js
D:\TreatyCore\TreatyApi\TreatyAngular\dist\out-tsc\app\login\login.module.js.map
D:\TreatyCore\TreatyApi\TreatyAngular\dist\out-tsc\app\home\home.module.js
D:\TreatyCore\TreatyApi\TreatyAngular\dist\out-tsc\app\home\home.module.js.map
D:\TreatyCore\TreatyApi\TreatyAngular\dist\out-tsc\app\app.module.js
D:\TreatyCore\TreatyApi\TreatyAngular\dist\out-tsc\app\app.module.js.map
D:\TreatyCore\TreatyApi\TreatyAngular\dist\out-tsc\main.js
D:\TreatyCore\TreatyApi\TreatyAngular\dist\out-tsc\main.js.map
D:\TreatyCore\TreatyApi\TreatyAngular\dist\out-tsc\polyfills.js
D:\TreatyCore\TreatyApi\TreatyAngular\dist\out-tsc\polyfills.js.map
D:\TreatyCore\TreatyApi\TreatyAngular\dist\out-tsc\test.js
D:\TreatyCore\TreatyApi\TreatyAngular\dist\out-tsc\test.js.map
D:\TreatyCore\TreatyApi\TreatyAngular\dist\out-tsc\app\app.component.spec.js
D:\TreatyCore\TreatyApi\TreatyAngular\dist\out-tsc\app\app.component.spec.js.map
D:\TreatyCore\TreatyApi\TreatyAngular\dist\out-tsc\app\treaty\treaty.spec.js
D:\TreatyCore\TreatyApi\TreatyAngular\dist\out-tsc\app\treaty\treaty.spec.js.map
D:\TreatyCore\TreatyApi\TreatyAngular\dist\out-tsc\app\treaty\actionbydateofmodification\actionbydateofmodification.component.spec.js
D:\TreatyCore\TreatyApi\TreatyAngular\dist\out-tsc\app\treaty\actionbydateofmodification\actionbydateofmodification.component.spec.js.map
D:\TreatyCore\TreatyApi\TreatyAngular\dist\out-tsc\app\treaty\service\treatyservice.service.spec.js
D:\TreatyCore\TreatyApi\TreatyAngular\dist\out-tsc\app\treaty\service\treatyservice.service.spec.js.map
D:\TreatyCore\TreatyApi\TreatyAngular\dist\out-tsc\environments\environment.prod.js
D:\TreatyCore\TreatyApi\TreatyAngular\dist\out-tsc\environments\environment.prod.js.map
